<component name="libraryTable">
  <library name="junit-4.12">
    <CLASSES>
      <root url="jar://$USER_HOME$/Desktop/junit-4.12.jar!/" />
      <root url="jar://$USER_HOME$/Desktop/lib/ant-junit.jar!/" />
      <root url="jar://$USER_HOME$/Desktop/lib/commons-math3-3.6.jar!/" />
      <root url="jar://$USER_HOME$/Desktop/lib/hamcrest-core-1.3.jar!/" />
      <root url="jar://$USER_HOME$/Desktop/lib/hamcrest-library-1.3.jar!/" />
      <root url="jar://$USER_HOME$/Desktop/lib/jcommon-1.0.23.jar!/" />
      <root url="jar://$USER_HOME$/Desktop/lib/jedis-2.8.0.jar!/" />
      <root url="jar://$USER_HOME$/Desktop/lib/jfreechart-1.0.19.jar!/" />
      <root url="jar://$USER_HOME$/Desktop/lib/jsoup-1.8.3.jar!/" />
      <root url="jar://$USER_HOME$/Desktop/lib/junit-4.12.jar!/" />
      <root url="jar://$USER_HOME$/Desktop/lib/servlet.jar!/" />
    </CLASSES>
    <JAVADOC />
    <SOURCES />
  </library>
</component>